2026-03-09 15:53:57,036 INFO o.a.j.u.JMeterUtils: Setting Locale to en_EN
2026-03-09 15:53:57,069 INFO o.a.j.JMeter: Loading user properties from: C:\JMeter\apache-jmeter-5.6.3\bin\user.properties
2026-03-09 15:53:57,070 INFO o.a.j.JMeter: Loading system properties from: C:\JMeter\apache-jmeter-5.6.3\bin\system.properties
2026-03-09 15:53:57,082 INFO o.a.j.JMeter: Copyright (c) 1998-2024 The Apache Software Foundation
2026-03-09 15:53:57,082 INFO o.a.j.JMeter: Version 5.6.3
2026-03-09 15:53:57,082 INFO o.a.j.JMeter: java.version=23.0.1
2026-03-09 15:53:57,082 INFO o.a.j.JMeter: java.vm.name=Java HotSpot(TM) 64-Bit Server VM
2026-03-09 15:53:57,082 INFO o.a.j.JMeter: os.name=Windows 11
2026-03-09 15:53:57,082 INFO o.a.j.JMeter: os.arch=amd64
2026-03-09 15:53:57,082 INFO o.a.j.JMeter: os.version=10.0
2026-03-09 15:53:57,082 INFO o.a.j.JMeter: file.encoding=UTF-8
2026-03-09 15:53:57,083 INFO o.a.j.JMeter: java.awt.headless=null
2026-03-09 15:53:57,083 INFO o.a.j.JMeter: Max memory     =1073741824
2026-03-09 15:53:57,083 INFO o.a.j.JMeter: Available Processors =16
2026-03-09 15:53:57,101 INFO o.a.j.JMeter: Default Locale=English (EN)
2026-03-09 15:53:57,102 INFO o.a.j.JMeter: JMeter  Locale=English (EN)
2026-03-09 15:53:57,102 INFO o.a.j.JMeter: JMeterHome=C:\JMeter\apache-jmeter-5.6.3
2026-03-09 15:53:57,102 INFO o.a.j.JMeter: user.dir  =C:\Users\jegour\OneDrive - CEGID\Documents\repertoireTravailRon\missions\2025\autres\POC_JMeter\contractTesting
2026-03-09 15:53:57,105 INFO o.a.j.JMeter: PWD       =C:\Users\jegour\OneDrive - CEGID\Documents\repertoireTravailRon\missions\2025\autres\POC_JMeter\contractTesting
2026-03-09 15:53:57,111 INFO o.a.j.JMeter: IP: 10.103.102.112 Name: CGDLPT017403 FullName: CGDLPT017403.cegidgroup.local
2026-03-09 15:53:57,134 INFO o.a.j.JMeter: Loaded icon properties from org/apache/jmeter/images/icon.properties
2026-03-09 15:53:57,470 INFO o.a.j.JMeterGuiLauncher: Setting LAF to: com.github.weisj.darklaf.DarkLaf:com.github.weisj.darklaf.theme.DarculaTheme
2026-03-09 15:54:00,224 INFO o.a.j.JMeterGuiLauncher: Loading file: C:\Users\jegour\OneDrive - CEGID\Documents\repertoireTravailRon\missions\2025\autres\POC_JMeter\contractTesting\out\api_contract_generated.jmx
2026-03-09 15:54:00,229 INFO o.a.j.s.FileServer: Default base='C:\Users\jegour\OneDrive - CEGID\Documents\repertoireTravailRon\missions\2025\autres\POC_JMeter\contractTesting'
2026-03-09 15:54:00,232 INFO o.a.j.s.FileServer: Set new base='C:\Users\jegour\OneDrive - CEGID\Documents\repertoireTravailRon\missions\2025\autres\POC_JMeter\contractTesting\out'
2026-03-09 15:54:00,750 INFO o.a.j.s.SaveService: Testplan (JMX) version: 2.2. Testlog (JTL) version: 2.2
2026-03-09 15:54:00,790 INFO o.a.j.s.SaveService: Using SaveService properties version 5.0
2026-03-09 15:54:00,795 INFO o.a.j.s.SaveService: Using SaveService properties file encoding UTF-8
2026-03-09 15:54:00,802 INFO o.a.j.s.SaveService: Loading file: C:\Users\jegour\OneDrive - CEGID\Documents\repertoireTravailRon\missions\2025\autres\POC_JMeter\contractTesting\out\api_contract_generated.jmx
2026-03-09 15:54:00,860 INFO o.a.j.p.h.s.HTTPSamplerBase: Parser for text/html is org.apache.jmeter.protocol.http.parser.LagartoBasedHtmlParser
2026-03-09 15:54:00,860 INFO o.a.j.p.h.s.HTTPSamplerBase: Parser for application/xhtml+xml is org.apache.jmeter.protocol.http.parser.LagartoBasedHtmlParser
2026-03-09 15:54:00,860 INFO o.a.j.p.h.s.HTTPSamplerBase: Parser for application/xml is org.apache.jmeter.protocol.http.parser.LagartoBasedHtmlParser
2026-03-09 15:54:00,860 INFO o.a.j.p.h.s.HTTPSamplerBase: Parser for text/xml is org.apache.jmeter.protocol.http.parser.LagartoBasedHtmlParser
2026-03-09 15:54:00,860 INFO o.a.j.p.h.s.HTTPSamplerBase: Parser for text/vnd.wap.wml is org.apache.jmeter.protocol.http.parser.RegexpHTMLParser
2026-03-09 15:54:00,861 INFO o.a.j.p.h.s.HTTPSamplerBase: Parser for text/css is org.apache.jmeter.protocol.http.parser.CssParser
2026-03-09 15:54:00,935 INFO o.a.j.s.FileServer: Set new base='C:\Users\jegour\OneDrive - CEGID\Documents\repertoireTravailRon\missions\2025\autres\POC_JMeter\contractTesting\out'
